The system is: Linux - 5.8.0epic-pc - x86_64
Compiling the C compiler identification source file "CMakeCCompilerId.c" succeeded.
Compiler: /home/mobslicer152/beefos/tools/bin/i686-elf-gcc 
Build flags: -ffreestanding;-nostdlib;-Wall;-Wextra
Id flags:  

The output was:
0
/home/mobslicer152/beefos/tools/lib/gcc/i686-elf/10.2.0/../../../../i686-elf/bin/ld: warning: cannot find entry symbol _start; defaulting to 0000000008048074


Compilation of the C compiler identification source "CMakeCCompilerId.c" produced "a.out"

The C compiler identification is GNU, found in "/home/mobslicer152/beefos/build/CMakeFiles/3.18.1/CompilerIdC/a.out"

Checking whether the ASM compiler is GNU using "--version" matched "(GNU assembler)|(GCC)|(Free Software Foundation)":
GNU assembler (GNU Binutils) 2.35
Copyright (C) 2020 Free Software Foundation, Inc.
This program is free software; you may redistribute it under the terms of
the GNU General Public License version 3 or later.
This program has absolutely no warranty.
This assembler was configured for a target of `i686-elf'.
Detecting C compiler ABI info compiled with the following output:
Change Dir: /home/mobslicer152/beefos/build/CMakeFiles/CMakeTmp

Run Build Command(s):/usr/bin/make cmTC_eee0c/fast && /usr/bin/make  -f CMakeFiles/cmTC_eee0c.dir/build.make CMakeFiles/cmTC_eee0c.dir/build
make[1]: Entering directory '/home/mobslicer152/beefos/build/CMakeFiles/CMakeTmp'
Building C object CMakeFiles/cmTC_eee0c.dir/CMakeCCompilerABI.c.o
/home/mobslicer152/beefos/tools/bin/i686-elf-gcc   -ffreestanding -nostdlib -Wall -Wextra    -v -o CMakeFiles/cmTC_eee0c.dir/CMakeCCompilerABI.c.o -c /usr/share/cmake-3.18/Modules/CMakeCCompilerABI.c
Using built-in specs.
COLLECT_GCC=/home/mobslicer152/beefos/tools/bin/i686-elf-gcc
Target: i686-elf
Configured with: ../../src/gcc-10.2.0/configure --target=i686-elf --prefix=/home/mobslicer152/beefos/tools/ --disable-nls --enable-languages=c,c++ --without-headers
Thread model: single
Supported LTO compression algorithms: zlib zstd
gcc version 10.2.0 (GCC) 
COLLECT_GCC_OPTIONS='-ffreestanding' '-nostdlib' '-Wall' '-Wextra' '-v' '-o' 'CMakeFiles/cmTC_eee0c.dir/CMakeCCompilerABI.c.o' '-c' '-mtune=generic' '-march=pentiumpro'
 /home/mobslicer152/beefos/tools/libexec/gcc/i686-elf/10.2.0/cc1 -quiet -v /usr/share/cmake-3.18/Modules/CMakeCCompilerABI.c -quiet -dumpbase CMakeCCompilerABI.c -mtune=generic -march=pentiumpro -auxbase-strip CMakeFiles/cmTC_eee0c.dir/CMakeCCompilerABI.c.o -Wall -Wextra -version -ffreestanding -o /tmp/cc6VhzJm.s
GNU C17 (GCC) version 10.2.0 (i686-elf)
	compiled by GNU C version 10.1.0, GMP version 6.2.0, MPFR version 4.0.2, MPC version 1.1.0, isl version none
GGC heuristics: --param ggc-min-expand=100 --param ggc-min-heapsize=131072
ignoring nonexistent directory "/home/mobslicer152/beefos/tools/lib/gcc/i686-elf/10.2.0/../../../../i686-elf/sys-include"
ignoring nonexistent directory "/home/mobslicer152/beefos/tools/lib/gcc/i686-elf/10.2.0/../../../../i686-elf/include"
#include "..." search starts here:
#include <...> search starts here:
 /home/mobslicer152/beefos/tools/lib/gcc/i686-elf/10.2.0/include
 /home/mobslicer152/beefos/tools/lib/gcc/i686-elf/10.2.0/include-fixed
End of search list.
GNU C17 (GCC) version 10.2.0 (i686-elf)
	compiled by GNU C version 10.1.0, GMP version 6.2.0, MPFR version 4.0.2, MPC version 1.1.0, isl version none
GGC heuristics: --param ggc-min-expand=100 --param ggc-min-heapsize=131072
Compiler executable checksum: 299e646c792b3ad31f8d6c82b07ec6ca
COLLECT_GCC_OPTIONS='-ffreestanding' '-nostdlib' '-Wall' '-Wextra' '-v' '-o' 'CMakeFiles/cmTC_eee0c.dir/CMakeCCompilerABI.c.o' '-c' '-mtune=generic' '-march=pentiumpro'
 /home/mobslicer152/beefos/tools/lib/gcc/i686-elf/10.2.0/../../../../i686-elf/bin/as -o CMakeFiles/cmTC_eee0c.dir/CMakeCCompilerABI.c.o /tmp/cc6VhzJm.s
COMPILER_PATH=/home/mobslicer152/beefos/tools/libexec/gcc/i686-elf/10.2.0/:/home/mobslicer152/beefos/tools/libexec/gcc/i686-elf/10.2.0/:/home/mobslicer152/beefos/tools/libexec/gcc/i686-elf/:/home/mobslicer152/beefos/tools/lib/gcc/i686-elf/10.2.0/:/home/mobslicer152/beefos/tools/lib/gcc/i686-elf/:/home/mobslicer152/beefos/tools/lib/gcc/i686-elf/10.2.0/../../../../i686-elf/bin/
LIBRARY_PATH=/home/mobslicer152/beefos/tools/lib/gcc/i686-elf/10.2.0/:/home/mobslicer152/beefos/tools/lib/gcc/i686-elf/10.2.0/../../../../i686-elf/lib/
COLLECT_GCC_OPTIONS='-ffreestanding' '-nostdlib' '-Wall' '-Wextra' '-v' '-o' 'CMakeFiles/cmTC_eee0c.dir/CMakeCCompilerABI.c.o' '-c' '-mtune=generic' '-march=pentiumpro'
Linking C executable cmTC_eee0c
/usr/bin/cmake -E cmake_link_script CMakeFiles/cmTC_eee0c.dir/link.txt --verbose=1
/home/mobslicer152/beefos/tools/bin/i686-elf-gcc -ffreestanding -nostdlib -Wall -Wextra  -T/home/mobslicer152/beefos/src/link.ld -v CMakeFiles/cmTC_eee0c.dir/CMakeCCompilerABI.c.o -o cmTC_eee0c 
Using built-in specs.
COLLECT_GCC=/home/mobslicer152/beefos/tools/bin/i686-elf-gcc
COLLECT_LTO_WRAPPER=/home/mobslicer152/beefos/tools/libexec/gcc/i686-elf/10.2.0/lto-wrapper
Target: i686-elf
Configured with: ../../src/gcc-10.2.0/configure --target=i686-elf --prefix=/home/mobslicer152/beefos/tools/ --disable-nls --enable-languages=c,c++ --without-headers
Thread model: single
Supported LTO compression algorithms: zlib zstd
gcc version 10.2.0 (GCC) 
COMPILER_PATH=/home/mobslicer152/beefos/tools/libexec/gcc/i686-elf/10.2.0/:/home/mobslicer152/beefos/tools/libexec/gcc/i686-elf/10.2.0/:/home/mobslicer152/beefos/tools/libexec/gcc/i686-elf/:/home/mobslicer152/beefos/tools/lib/gcc/i686-elf/10.2.0/:/home/mobslicer152/beefos/tools/lib/gcc/i686-elf/:/home/mobslicer152/beefos/tools/lib/gcc/i686-elf/10.2.0/../../../../i686-elf/bin/
LIBRARY_PATH=/home/mobslicer152/beefos/tools/lib/gcc/i686-elf/10.2.0/:/home/mobslicer152/beefos/tools/lib/gcc/i686-elf/10.2.0/../../../../i686-elf/lib/
COLLECT_GCC_OPTIONS='-ffreestanding' '-nostdlib' '-Wall' '-Wextra' '-T' '/home/mobslicer152/beefos/src/link.ld' '-v' '-o' 'cmTC_eee0c' '-mtune=generic' '-march=pentiumpro'
 /home/mobslicer152/beefos/tools/libexec/gcc/i686-elf/10.2.0/collect2 -plugin /home/mobslicer152/beefos/tools/libexec/gcc/i686-elf/10.2.0/liblto_plugin.so -plugin-opt=/home/mobslicer152/beefos/tools/libexec/gcc/i686-elf/10.2.0/lto-wrapper -plugin-opt=-fresolution=/tmp/ccA4kz1J.res -o cmTC_eee0c -L/home/mobslicer152/beefos/tools/lib/gcc/i686-elf/10.2.0 -L/home/mobslicer152/beefos/tools/lib/gcc/i686-elf/10.2.0/../../../../i686-elf/lib CMakeFiles/cmTC_eee0c.dir/CMakeCCompilerABI.c.o -T /home/mobslicer152/beefos/src/link.ld
/home/mobslicer152/beefos/tools/lib/gcc/i686-elf/10.2.0/../../../../i686-elf/bin/ld: warning: cannot find entry symbol _start; defaulting to 0000000000100000
COLLECT_GCC_OPTIONS='-ffreestanding' '-nostdlib' '-Wall' '-Wextra' '-T' '/home/mobslicer152/beefos/src/link.ld' '-v' '-o' 'cmTC_eee0c' '-mtune=generic' '-march=pentiumpro'
make[1]: Leaving directory '/home/mobslicer152/beefos/build/CMakeFiles/CMakeTmp'



Parsed C implicit include dir info from above output: rv=done
  found start of include info
  found start of implicit include info
    add: [/home/mobslicer152/beefos/tools/lib/gcc/i686-elf/10.2.0/include]
    add: [/home/mobslicer152/beefos/tools/lib/gcc/i686-elf/10.2.0/include-fixed]
  end of search list found
  collapse include dir [/home/mobslicer152/beefos/tools/lib/gcc/i686-elf/10.2.0/include] ==> [/home/mobslicer152/beefos/tools/lib/gcc/i686-elf/10.2.0/include]
  collapse include dir [/home/mobslicer152/beefos/tools/lib/gcc/i686-elf/10.2.0/include-fixed] ==> [/home/mobslicer152/beefos/tools/lib/gcc/i686-elf/10.2.0/include-fixed]
  implicit include dirs: [/home/mobslicer152/beefos/tools/lib/gcc/i686-elf/10.2.0/include;/home/mobslicer152/beefos/tools/lib/gcc/i686-elf/10.2.0/include-fixed]


Parsed C implicit link information from above output:
  link line regex: [^( *|.*[/\])(i686-elf-ld|CMAKE_LINK_STARTFILE-NOTFOUND|([^/\]+-)?ld|collect2)[^/\]*( |$)]
  ignore line: [Change Dir: /home/mobslicer152/beefos/build/CMakeFiles/CMakeTmp]
  ignore line: []
  ignore line: [Run Build Command(s):/usr/bin/make cmTC_eee0c/fast && /usr/bin/make  -f CMakeFiles/cmTC_eee0c.dir/build.make CMakeFiles/cmTC_eee0c.dir/build]
  ignore line: [make[1]: Entering directory '/home/mobslicer152/beefos/build/CMakeFiles/CMakeTmp']
  ignore line: [Building C object CMakeFiles/cmTC_eee0c.dir/CMakeCCompilerABI.c.o]
  ignore line: [/home/mobslicer152/beefos/tools/bin/i686-elf-gcc   -ffreestanding -nostdlib -Wall -Wextra    -v -o CMakeFiles/cmTC_eee0c.dir/CMakeCCompilerABI.c.o -c /usr/share/cmake-3.18/Modules/CMakeCCompilerABI.c]
  ignore line: [Using built-in specs.]
  ignore line: [COLLECT_GCC=/home/mobslicer152/beefos/tools/bin/i686-elf-gcc]
  ignore line: [Target: i686-elf]
  ignore line: [Configured with: ../../src/gcc-10.2.0/configure --target=i686-elf --prefix=/home/mobslicer152/beefos/tools/ --disable-nls --enable-languages=c c++ --without-headers]
  ignore line: [Thread model: single]
  ignore line: [Supported LTO compression algorithms: zlib zstd]
  ignore line: [gcc version 10.2.0 (GCC) ]
  ignore line: [COLLECT_GCC_OPTIONS='-ffreestanding' '-nostdlib' '-Wall' '-Wextra' '-v' '-o' 'CMakeFiles/cmTC_eee0c.dir/CMakeCCompilerABI.c.o' '-c' '-mtune=generic' '-march=pentiumpro']
  ignore line: [ /home/mobslicer152/beefos/tools/libexec/gcc/i686-elf/10.2.0/cc1 -quiet -v /usr/share/cmake-3.18/Modules/CMakeCCompilerABI.c -quiet -dumpbase CMakeCCompilerABI.c -mtune=generic -march=pentiumpro -auxbase-strip CMakeFiles/cmTC_eee0c.dir/CMakeCCompilerABI.c.o -Wall -Wextra -version -ffreestanding -o /tmp/cc6VhzJm.s]
  ignore line: [GNU C17 (GCC) version 10.2.0 (i686-elf)]
  ignore line: [	compiled by GNU C version 10.1.0  GMP version 6.2.0  MPFR version 4.0.2  MPC version 1.1.0  isl version none]
  ignore line: [GGC heuristics: --param ggc-min-expand=100 --param ggc-min-heapsize=131072]
  ignore line: [ignoring nonexistent directory "/home/mobslicer152/beefos/tools/lib/gcc/i686-elf/10.2.0/../../../../i686-elf/sys-include"]
  ignore line: [ignoring nonexistent directory "/home/mobslicer152/beefos/tools/lib/gcc/i686-elf/10.2.0/../../../../i686-elf/include"]
  ignore line: [#include "..." search starts here:]
  ignore line: [#include <...> search starts here:]
  ignore line: [ /home/mobslicer152/beefos/tools/lib/gcc/i686-elf/10.2.0/include]
  ignore line: [ /home/mobslicer152/beefos/tools/lib/gcc/i686-elf/10.2.0/include-fixed]
  ignore line: [End of search list.]
  ignore line: [GNU C17 (GCC) version 10.2.0 (i686-elf)]
  ignore line: [	compiled by GNU C version 10.1.0  GMP version 6.2.0  MPFR version 4.0.2  MPC version 1.1.0  isl version none]
  ignore line: [GGC heuristics: --param ggc-min-expand=100 --param ggc-min-heapsize=131072]
  ignore line: [Compiler executable checksum: 299e646c792b3ad31f8d6c82b07ec6ca]
  ignore line: [COLLECT_GCC_OPTIONS='-ffreestanding' '-nostdlib' '-Wall' '-Wextra' '-v' '-o' 'CMakeFiles/cmTC_eee0c.dir/CMakeCCompilerABI.c.o' '-c' '-mtune=generic' '-march=pentiumpro']
  ignore line: [ /home/mobslicer152/beefos/tools/lib/gcc/i686-elf/10.2.0/../../../../i686-elf/bin/as -o CMakeFiles/cmTC_eee0c.dir/CMakeCCompilerABI.c.o /tmp/cc6VhzJm.s]
  ignore line: [COMPILER_PATH=/home/mobslicer152/beefos/tools/libexec/gcc/i686-elf/10.2.0/:/home/mobslicer152/beefos/tools/libexec/gcc/i686-elf/10.2.0/:/home/mobslicer152/beefos/tools/libexec/gcc/i686-elf/:/home/mobslicer152/beefos/tools/lib/gcc/i686-elf/10.2.0/:/home/mobslicer152/beefos/tools/lib/gcc/i686-elf/:/home/mobslicer152/beefos/tools/lib/gcc/i686-elf/10.2.0/../../../../i686-elf/bin/]
  ignore line: [LIBRARY_PATH=/home/mobslicer152/beefos/tools/lib/gcc/i686-elf/10.2.0/:/home/mobslicer152/beefos/tools/lib/gcc/i686-elf/10.2.0/../../../../i686-elf/lib/]
  ignore line: [COLLECT_GCC_OPTIONS='-ffreestanding' '-nostdlib' '-Wall' '-Wextra' '-v' '-o' 'CMakeFiles/cmTC_eee0c.dir/CMakeCCompilerABI.c.o' '-c' '-mtune=generic' '-march=pentiumpro']
  ignore line: [Linking C executable cmTC_eee0c]
  ignore line: [/usr/bin/cmake -E cmake_link_script CMakeFiles/cmTC_eee0c.dir/link.txt --verbose=1]
  ignore line: [/home/mobslicer152/beefos/tools/bin/i686-elf-gcc -ffreestanding -nostdlib -Wall -Wextra  -T/home/mobslicer152/beefos/src/link.ld -v CMakeFiles/cmTC_eee0c.dir/CMakeCCompilerABI.c.o -o cmTC_eee0c ]
  ignore line: [Using built-in specs.]
  ignore line: [COLLECT_GCC=/home/mobslicer152/beefos/tools/bin/i686-elf-gcc]
  ignore line: [COLLECT_LTO_WRAPPER=/home/mobslicer152/beefos/tools/libexec/gcc/i686-elf/10.2.0/lto-wrapper]
  ignore line: [Target: i686-elf]
  ignore line: [Configured with: ../../src/gcc-10.2.0/configure --target=i686-elf --prefix=/home/mobslicer152/beefos/tools/ --disable-nls --enable-languages=c c++ --without-headers]
  ignore line: [Thread model: single]
  ignore line: [Supported LTO compression algorithms: zlib zstd]
  ignore line: [gcc version 10.2.0 (GCC) ]
  ignore line: [COMPILER_PATH=/home/mobslicer152/beefos/tools/libexec/gcc/i686-elf/10.2.0/:/home/mobslicer152/beefos/tools/libexec/gcc/i686-elf/10.2.0/:/home/mobslicer152/beefos/tools/libexec/gcc/i686-elf/:/home/mobslicer152/beefos/tools/lib/gcc/i686-elf/10.2.0/:/home/mobslicer152/beefos/tools/lib/gcc/i686-elf/:/home/mobslicer152/beefos/tools/lib/gcc/i686-elf/10.2.0/../../../../i686-elf/bin/]
  ignore line: [LIBRARY_PATH=/home/mobslicer152/beefos/tools/lib/gcc/i686-elf/10.2.0/:/home/mobslicer152/beefos/tools/lib/gcc/i686-elf/10.2.0/../../../../i686-elf/lib/]
  ignore line: [COLLECT_GCC_OPTIONS='-ffreestanding' '-nostdlib' '-Wall' '-Wextra' '-T' '/home/mobslicer152/beefos/src/link.ld' '-v' '-o' 'cmTC_eee0c' '-mtune=generic' '-march=pentiumpro']
  link line: [ /home/mobslicer152/beefos/tools/libexec/gcc/i686-elf/10.2.0/collect2 -plugin /home/mobslicer152/beefos/tools/libexec/gcc/i686-elf/10.2.0/liblto_plugin.so -plugin-opt=/home/mobslicer152/beefos/tools/libexec/gcc/i686-elf/10.2.0/lto-wrapper -plugin-opt=-fresolution=/tmp/ccA4kz1J.res -o cmTC_eee0c -L/home/mobslicer152/beefos/tools/lib/gcc/i686-elf/10.2.0 -L/home/mobslicer152/beefos/tools/lib/gcc/i686-elf/10.2.0/../../../../i686-elf/lib CMakeFiles/cmTC_eee0c.dir/CMakeCCompilerABI.c.o -T /home/mobslicer152/beefos/src/link.ld]
    arg [/home/mobslicer152/beefos/tools/libexec/gcc/i686-elf/10.2.0/collect2] ==> ignore
    arg [-plugin] ==> ignore
    arg [/home/mobslicer152/beefos/tools/libexec/gcc/i686-elf/10.2.0/liblto_plugin.so] ==> ignore
    arg [-plugin-opt=/home/mobslicer152/beefos/tools/libexec/gcc/i686-elf/10.2.0/lto-wrapper] ==> ignore
    arg [-plugin-opt=-fresolution=/tmp/ccA4kz1J.res] ==> ignore
    arg [-o] ==> ignore
    arg [cmTC_eee0c] ==> ignore
    arg [-L/home/mobslicer152/beefos/tools/lib/gcc/i686-elf/10.2.0] ==> dir [/home/mobslicer152/beefos/tools/lib/gcc/i686-elf/10.2.0]
    arg [-L/home/mobslicer152/beefos/tools/lib/gcc/i686-elf/10.2.0/../../../../i686-elf/lib] ==> dir [/home/mobslicer152/beefos/tools/lib/gcc/i686-elf/10.2.0/../../../../i686-elf/lib]
    arg [CMakeFiles/cmTC_eee0c.dir/CMakeCCompilerABI.c.o] ==> ignore
    arg [-T] ==> ignore
    arg [/home/mobslicer152/beefos/src/link.ld] ==> ignore
  collapse library dir [/home/mobslicer152/beefos/tools/lib/gcc/i686-elf/10.2.0] ==> [/home/mobslicer152/beefos/tools/lib/gcc/i686-elf/10.2.0]
  collapse library dir [/home/mobslicer152/beefos/tools/lib/gcc/i686-elf/10.2.0/../../../../i686-elf/lib] ==> [/home/mobslicer152/beefos/tools/i686-elf/lib]
  implicit libs: []
  implicit dirs: [/home/mobslicer152/beefos/tools/lib/gcc/i686-elf/10.2.0;/home/mobslicer152/beefos/tools/i686-elf/lib]
  implicit fwks: []


